/usr/games/cowsay welcome home
/usr/bin/rig
/usr/bin/toilet -E html -F gay -f mono12 welcome home
/usr/games/fortune -a
/usr/bin/toilet -E html -F gay -f mono12 welcome home
/usr/bin/figlet welcome home
/usr/bin/toilet -E html -F gay -f mono12 welcome home
/usr/bin/toilet -E html -F gay -f mono12 welcome home
/usr/games/cowsay welcome home
/usr/bin/figlet welcome home
/usr/bin/rig
/usr/games/fortune -a
/usr/bin/rig
/usr/bin/toilet -E html -F gay -f mono12 welcome home
/usr/bin/toilet -E html -F gay -f mono12 welcome home
/usr/bin/toilet -E html -F gay -f mono12 welcome home
/usr/bin/toilet -E html -F gay -f mono12 welcome home
/usr/bin/toilet -E html -F gay -f mono12 welcome home
/usr/bin/toilet -E html -F gay -f mono12 welcome home
/usr/bin/toilet -E svg xccgxgcx
/usr/bin/toilet -f banner -F gay -E svg bvnbn
/usr/bin/toilet -E html -F gay -f mono12 welcome home
/usr/bin/figlet welcome home
/usr/bin/figlet welcome home
/usr/bin/figlet -f bubble fdsdfsdfs
/usr/games/cowsay welcome home
/usr/games/cowthink -f dragon
dragon-and-cow -d dfsdfsdfsdfs
/usr/games/cowsay -f cheese qdsdfdfsdfsdfs
/usr/games/cowsay -d -f apt dfsdfsdfs
/usr/games/cowsay -f daemon dsrs
/usr/games/cowsay -d -f daemon sdfdfsdfs
/usr/games/fortune -a
/usr/games/cowsay welcome home
/usr/games/cowsay welcome home
/usr/games/cowsay welcome home
/usr/games/cowsay welcome home
/usr/games/cowsay welcome home
/usr/games/cowsay welcome home
/usr/games/cowsay welcome home
/usr/games/cowsay welcome home
/usr/games/cowsay welcome home
/usr/games/cowsay -f dragon qdsqds
/usr/games/cowsay -f dragon-and-cow ds
/usr/games/cowsay -f dragon-and-cow dfsdfsdfs
/usr/games/cowsay fdsfds
/usr/games/cowsay welcome home
/usr/games/cowsay -f dragon-and-cow ds
/usr/bin/toilet -E html -F gay -f mono12 welcome home
/usr/bin/toilet -E html -F gay -f mono12 welcome home
/usr/games/fortune -a
/usr/games/fortune
/usr/games/fortune
/usr/games/fortune
/usr/bin/rig
/usr/bin/rig
/usr/bin/figlet welcome home
/usr/games/fortune -a
/usr/games/cowsay welcome home
/usr/bin/rig
/usr/bin/toilet -E html -F gay -f mono12 welcome home
/usr/bin/toilet -w 1010 jfrjhfhdfjkshdfsjhkfdshfdshjdfsjkh
/usr/bin/toilet -E utf8 dfsfdsfds
/usr/bin/toilet -E svg dfsdfsdfs
/usr/bin/toilet -E tga dfsdfsfddfdfs
/usr/bin/toilet -E troff dfsdfsdfs
/usr/bin/toilet -E tga dsf
/usr/bin/toilet -w 1000 -f script -F gay -E svg je suis la
/usr/games/fortune -a
/usr/games/fortune -a
/usr/games/fortune -a
/usr/games/fortune -a
/usr/games/cowsay welcome home
/usr/bin/rig
/usr/bin/toilet -E html -F gay -f mono12 welcome home
/usr/bin/toilet -f mono12 -F gay -E html -w 1000 welcome home
/usr/bin/toilet -F gay -E svg -f mono12 welcome home
/usr/bin/toilet -f mono12 -F gay -E svg -w 1000 welcome home
/usr/games/fortune -a
/usr/games/fortune -a
/usr/games/fortune -a
/usr/games/fortune -a
/usr/games/fortune -a
/usr/games/fortune -a
/usr/games/fortune -a
/usr/games/cowsay welcome home
/usr/games/cowsay welcome home
/usr/games/cowsay welcome home
/usr/games/cowsay 
/usr/games/cowsay 
/usr/games/cowsay 
/usr/games/cowsay sd
/usr/games/cowsay sd
/usr/games/cowsay sd
/usr/games/cowsay sd
/usr/bin/rig
/usr/bin/toilet -E html -F gay -f mono12 welcome home
/usr/bin/figlet welcome home
/usr/bin/toilet -E html -F gay -f mono12 welcome home
/usr/bin/toilet dsdsds
/usr/games/cowsay welcome home
/usr/games/cowsay welcome home
/usr/games/cowsay welcome home
/usr/games/cowsay welcome home
/usr/games/cowsay welcome home
/usr/bin/figlet welcome home
/usr/bin/figlet welcome home
/usr/bin/toilet -E html -F gay -f mono12 welcome home
/usr/bin/figlet welcome home
/usr/bin/figlet welcome home
/usr/games/cowsay welcome home
/usr/bin/figlet welcome home
/usr/bin/toilet -E html -F gay -f mono12 welcome home
/usr/bin/toilet -E html -F gay -f mono12 welcome home
/usr/bin/rig
/usr/bin/rig -f -c -4
/usr/games/cowsay welcome home
/usr/games/fortune -a
/usr/games/fortune -a
/usr/games/fortune -a
/usr/bin/toilet -E html -F gay -f mono12 welcome home
/usr/bin/figlet welcome home
/usr/bin/figlet -w -3 
/usr/bin/figlet 
/usr/bin/figlet ty
/usr/bin/figlet -m 2 ttetrrtetett
/usr/games/cowsay welcome home
/usr/games/cowsay welcome home
/usr/games/cowsay welcome home
/usr/games/cowsay welcome home
/usr/games/cowsay -f dragon-and-cow ,n,nbnbgghg
/usr/games/cowsay -f dragon-and-cow -g rezerzerzrezerz
/usr/games/cowsay erzerzerzerz
/usr/games/cowsay -g ezrerzerz
/usr/games/cowsay -g rezerzerzerz
/usr/games/cowsay -l -g -p -s -t -b -d -w 
/usr/games/cowsay -d erzerzerzerz
/usr/games/cowsay -e -T gf 
/usr/games/cowsay -T fdfd 
/usr/games/cowsay -e -T fd 
/usr/games/cowsay -e 
/usr/games/cowsay -e ;,;,
/usr/games/cowsay -e oui
/usr/games/cowsay -e 
/usr/games/cowsay -e -T sdds 
/usr/games/cowsay -T ds dsdsds
/usr/games/cowsay -T ds ds
/usr/games/cowsay -e -T kk dffd
/usr/games/cowsay -e df sd
/usr/games/cowsay -e df -T df fd
/usr/bin/figlet welcome home
/usr/bin/figlet -W 45
/usr/bin/figlet welcome home
/usr/bin/figlet welcome home
/usr/bin/figlet welcome home
/usr/bin/figlet welcome home
/usr/bin/figlet welcome home
/usr/bin/figlet welcome home
/usr/games/cowsay welcome home
/usr/games/cowsay welcome home
/usr/games/cowsay welcome home
/usr/games/cowsay welcome home
/usr/games/cowsay welcome home
/usr/bin/figlet welcome home
/usr/games/cowsay welcome home
/usr/games/cowsay welcome home
/usr/games/cowsay welcome home
/usr/games/cowsay welcome home
/usr/games/cowsay welcome home
/usr/games/cowsay welcome home
/usr/bin/figlet welcome home
/usr/bin/toilet -E html -F gay -f mono12 welcome home
/usr/bin/toilet -E html -F gay -f mono12 welcome home
/usr/bin/toilet Oui oui oui oui oui
/usr/bin/toilet -E html -F gay -f mono12 welcome home
/usr/bin/toilet -F gay -E svg -f mono12 Oui oui oui oui oui
/usr/games/fortune -a
/usr/bin/figlet welcome home
/usr/bin/figlet -w 6 Ghjnnvgxddfgbbnnbddss
/usr/bin/toilet -E html -F gay -f mono12 welcome home
/usr/bin/toilet -E html -F gay -f mono12 welcome home
/usr/bin/toilet -f mono12 -F gay -E svg welcome home
/usr/games/fortune -a
/usr/games/fortune translate-me
/usr/bin/rig
/usr/bin/rig -c 10000000000000
/usr/bin/rig -c 10000
/usr/bin/toilet -E html -F gay -f mono12 welcome home
/usr/bin/rig
/usr/bin/rig -c 10000000
/usr/games/cowsay welcome home
/usr/bin/rig
/usr/bin/rig -c 1000000000
/usr/bin/toilet -E html -F gay -f mono12 welcome home
/usr/games/cowsay welcome home
/usr/bin/rig
/usr/bin/rig -c 1000000
/usr/games/cowsay welcome home
/usr/bin/rig
/usr/bin/rig -c 10000000
/usr/bin/rig -c 10000000
/usr/bin/rig -c 10000000
/usr/bin/rig -c 10000000
/usr/bin/toilet -E html -F gay -f mono12 welcome home
/usr/bin/toilet -E svg -f mono12 -F gay welcome home
/usr/games/fortune -a
/usr/games/fortune -a
/usr/bin/figlet welcome home
/usr/bin/rig
/usr/bin/rig -c 10000
/usr/bin/rig -c 1000000
/usr/bin/rig -c 1000000
/usr/bin/rig -c 1000000
/usr/bin/rig -c 1000000
/usr/bin/rig
/usr/bin/rig -c 5
/usr/bin/rig -c 5
/usr/bin/rig -c 22
/usr/bin/rig -c 100
/usr/bin/rig -c 100
/usr/bin/rig -c 100
/usr/bin/rig -c 100
/usr/bin/rig -c 100
/usr/bin/rig -c 100
/usr/bin/figlet welcome home
/usr/bin/figlet oui sti sti
/usr/bin/figlet -f shadow -C ilhebrew welcome home
/usr/bin/figlet -f shadow welcome home
/usr/bin/figlet -C ilhebrew welcome home
/usr/bin/figlet -C frango welcome home
/usr/bin/figlet -C 646-se dfsdfsdfs
/usr/bin/figlet -C hz welcome home
/usr/bin/rig
/usr/bin/figlet welcome home
/usr/games/cowsay welcome home
/usr/games/fortune -a
/usr/games/fortune 100% religion
/usr/bin/toilet -E html -F gay -f mono12 welcome home
/usr/bin/toilet -f banner fd
/usr/bin/toilet -F border -E svg -f banner fd
/usr/bin/toilet -f bubble -F border -E svg fd
/usr/bin/toilet -f bubble -F border -E svg fd
/usr/bin/toilet -E svg -f bubble -F border fd
/usr/bin/toilet -f bubble -F border -E svg fd
/usr/bin/toilet -F gay dffdfd
/usr/bin/toilet -F gay dffdfd
/usr/bin/toilet -F gay bn 
/usr/bin/toilet -F gay re
/usr/bin/toilet -F gay re
/usr/bin/rig
/usr/bin/toilet -E html -F gay -f mono12 welcome home
/usr/bin/toilet rtetetre
/usr/bin/toilet -F gay qds
/usr/bin/rig
/usr/bin/toilet -E html -F gay -f mono12 welcome home
/usr/bin/toilet -f banner fdsdfs
/usr/bin/toilet -F gay 
/usr/bin/toilet -F gay rezrez
/usr/bin/toilet -F gay rezrez
/usr/bin/toilet -F gay rezrez
/usr/bin/toilet -F gay rezrez
/usr/bin/toilet -F gay sddsds
/usr/bin/toilet dfssfdfds
/usr/bin/toilet dfssfdfds
/usr/bin/toilet -F gay -E svg dssqdsq
/usr/bin/toilet -E svg -F gay dssqdsq
/usr/bin/toilet -E svg rrereerre
/usr/bin/toilet -E svg rrereerre
/usr/bin/toilet -F gay sddsds
/usr/bin/toilet -F gay -E svg ds
/usr/bin/toilet -E svg dfsdfsdfs
/usr/bin/toilet 
/usr/bin/toilet -F crop 
/usr/bin/toilet -F flip sd
/usr/bin/toilet dsds
/usr/bin/toilet dsds
/usr/bin/toilet dsds
/usr/bin/toilet dsds
/usr/bin/toilet dsds
/usr/bin/toilet dsds
/usr/bin/toilet -F left ds
/usr/games/cowsay welcome home
/usr/bin/toilet -E html -F gay -f mono12 welcome home
/usr/bin/toilet -F border -F gay -F  -E svg welcome home
/usr/bin/toilet -F border -F gay -E svg -w 1000 welcome home
/usr/games/cowsay welcome home
/usr/games/cowsay -s 
/usr/bin/toilet -E html -F gay -f mono12 welcome home
/usr/bin/figlet welcome home
/usr/bin/toilet -E html -F gay -f mono12 welcome home
/usr/bin/toilet -E svg -f big -F gay -F border 123456
/usr/bin/toilet -E html -F gay -f mono12 welcome home
/usr/games/cowsay welcome home
/usr/bin/toilet -E html -F gay -f mono12 welcome home
/usr/bin/rig
/usr/bin/rig -c 10000000000
